app/build/outputs/logs/manifest-merger-debug-report.txt
-- Merging decision tree log ---
meta-data#UMENG_APPKEY
INJECTED from src\main\AndroidManifest.xml:139:9-141:47
	android:value
		INJECTED from src\main\AndroidManifest.xml
		ADDED from src\main\AndroidManifest.xml:141:13-44
	android:name
		ADDED from src\main\AndroidManifest.xml:140:13-40
manifest
ADDED from src\main\AndroidManifest.xml:2:1-220:12
INJECTED from src\main\AndroidManifest.xml:2:1-220:12
INJECTED from src\main\AndroidManifest.xml:2:1-220:12
INJECTED from src\main\AndroidManifest.xml:2:1-220:12
MERGED from [com.yanzhenjie:album:2.0.0-alpha] AndroidManifest.xml:17:1-63:12
MERGED from [com.android.support:design:25.3.1] AndroidManifest.xml:17:1-31:12
MERGED from [com.lzy.widget:ninegridview:0.2.1] AndroidManifest.xml:2:1-21:12
MERGED from [com.bigkoo:convenientbanner:2.0.5] AndroidManifest.xml:2:1-9:12
MERGED from [cn.yipianfengye.android:zxing-library:2.2] AndroidManifest.xml:2:1-20:12
MERGED from [com.lovedise:permissiongen:0.0.6] AndroidManifest.xml:2:1-17:12
MERGED from [com.github.nanchen2251:CompressHelper:1.0.5] AndroidManifest.xml:2:1-17:12
MERGED from [com.yanzhenjie:fragment:1.0.1] AndroidManifest.xml:2:1-10:12
MERGED from [com.jph.takephoto:takephoto_library:4.0.3] AndroidManifest.xml:2:1-28:12
MERGED from [com.darsh.multipleimageselect:multipleimageselect:1.0.4] AndroidManifest.xml:2:1-36:12
MERGED from [com.android.support:appcompat-v7:25.3.1] AndroidManifest.xml:17:1-31:12
MERGED from [com.lcodecorex:tkrefreshlayout:1.0.7] AndroidManifest.xml:2:1-17:12
MERGED from [com.android.support:recyclerview-v7:25.3.1] AndroidManifest.xml:17:1-26:12
MERGED from [com.android.support:cardview-v7:25.3.1] AndroidManifest.xml:17:1-28:12
MERGED from [com.jakewharton:butterknife:8.4.0] AndroidManifest.xml:2:1-7:12
MERGED from [com.wang.avi:library:2.1.3] AndroidManifest.xml:2:1-11:12
MERGED from [com.lzy.net:okgo:3.0.4] AndroidManifest.xml:17:1-31:12
MERGED from [com.github.CymChad:BaseRecyclerViewAdapterHelper:2.9.22] AndroidManifest.xml:2:1-11:12
MERGED from [com.github.chrisbanes.photoview:library:1.2.4] AndroidManifest.xml:2:1-11:12
MERGED from [com.android.support:multidex:1.0.2] AndroidManifest.xml:17:1-22:12
MERGED from [com.android.support.constraint:constraint-layout:1.0.2] AndroidManifest.xml:2:1-11:12
MERGED from [com.android.support:transition:25.3.1] AndroidManifest.xml:17:1-28:12
MERGED from [com.soundcloud.android.crop:lib_crop:1.0.0] AndroidManifest.xml:2:1-12:12
MERGED from [com.android.support:animated-vector-drawable:25.3.1] AndroidManifest.xml:17:1-28:12
MERGED from [com.android.support:support-vector-drawable:25.3.1] AndroidManifest.xml:17:1-28:12
MERGED from [me.shaohui.advancedluban:library:1.3.2] AndroidManifest.xml:2:1-11:12
MERGED from [com.android.support:support-v4:25.3.1] AndroidManifest.xml:17:1-31:12
MERGED from [com.android.support:support-fragment:25.3.1] AndroidManifest.xml:17:1-31:12
MERGED from [com.android.support:support-media-compat:25.3.1] AndroidManifest.xml:17:1-31:12
MERGED from [com.android.support:support-core-utils:25.3.1] AndroidManifest.xml:17:1-31:12
MERGED from [com.android.support:support-core-ui:25.3.1] AndroidManifest.xml:17:1-31:12
MERGED from [com.android.support:support-compat:25.3.1] AndroidManifest.xml:17:1-31:12
MERGED from [com.yanzhenjie:mediascanner:1.0.3] AndroidManifest.xml:17:1-25:12
MERGED from [com.yanzhenjie:loading:1.0.2] AndroidManifest.xml:17:1-25:12
MERGED from [com.yanzhenjie:statusview:1.0.3] AndroidManifest.xml:17:1-25:12
MERGED from [io.reactivex:rxandroid:1.2.1] AndroidManifest.xml:15:1-21:12
INJECTED from src\main\AndroidManifest.xml:2:1-220:12
INJECTED from src\main\AndroidManifest.xml:2:1-220:12
INJECTED from src\main\AndroidManifest.xml:2:1-220:12
	package
		ADDED from src\main\AndroidManifest.xml:3:5-32
		INJECTED from src\main\AndroidManifest.xml
		INJECTED from src\main\AndroidManifest.xml
	android:versionName
		INJECTED from src\main\AndroidManifest.xml
		ADDED from src\main\AndroidManifest.xml:2:1-220:12
		INJECTED from src\main\AndroidManifest.xml
	android:versionCode
		INJECTED from src\main\AndroidManifest.xml
		ADDED from src\main\AndroidManifest.xml:2:1-220:12
		INJECTED from src\main\AndroidManifest.xml
	xmlns:android
		ADDED from src\main\AndroidManifest.xml:2:11-69
uses-permission#android.permission.INTERNET
ADDED from src\main\AndroidManifest.xml:5:5-67
MERGED from [com.lzy.widget:ninegridview:0.2.1] AndroidManifest.xml:11:5-67
MERGED from [com.lzy.widget:ninegridview:0.2.1] AndroidManifest.xml:11:5-67
MERGED from [com.lzy.net:okgo:3.0.4] AndroidManifest.xml:26:5-67
MERGED from [com.lzy.net:okgo:3.0.4] AndroidManifest.xml:26:5-67
	android:name
		ADDED from src\main\AndroidManifest.xml:5:22-64
uses-permission#android.permission.WAKE_LOCK
ADDED from src\main\AndroidManifest.xml:6:5-68
	android:name
		ADDED from src\main\AndroidManifest.xml:6:22-65
uses-permission#android.permission.READ_EXTERNAL_STORAGE
ADDED from src\main\AndroidManifest.xml:7:5-80
MERGED from [com.yanzhenjie:album:2.0.0-alpha] AndroidManifest.xml:25:5-80
MERGED from [com.yanzhenjie:album:2.0.0-alpha] AndroidManifest.xml:25:5-80
MERGED from [com.lzy.widget:ninegridview:0.2.1] AndroidManifest.xml:13:5-80
MERGED from [com.lzy.widget:ninegridview:0.2.1] AndroidManifest.xml:13:5-80
MERGED from [com.darsh.multipleimageselect:multipleimageselect:1.0.4] AndroidManifest.xml:11:5-80
MERGED from [com.darsh.multipleimageselect:multipleimageselect:1.0.4] AndroidManifest.xml:11:5-80
MERGED from [com.lzy.net:okgo:3.0.4] AndroidManifest.xml:27:5-80
MERGED from [com.lzy.net:okgo:3.0.4] AndroidManifest.xml:27:5-80
	android:name
		ADDED from src\main\AndroidManifest.xml:7:22-77
uses-permission#android.permission.VIBRATE
ADDED from src\main\AndroidManifest.xml:8:5-66
	android:name
		ADDED from src\main\AndroidManifest.xml:8:22-63
uses-permission#android.permission.MOUNT_UNMOUNT_FILESYSTEMS
ADDED from src\main\AndroidManifest.xml:9:5-84
MERGED from [com.lzy.net:okgo:3.0.4] AndroidManifest.xml:29:5-84
MERGED from [com.lzy.net:okgo:3.0.4] AndroidManifest.xml:29:5-84
	android:name
		ADDED from src\main\AndroidManifest.xml:9:22-81
uses-permission#android.permission.WRITE_SETTINGS
ADDED from src\main\AndroidManifest.xml:10:5-73
	android:name
		ADDED from src\main\AndroidManifest.xml:10:22-70
uses-permission#android.permission.CALL_PHONE
ADDED from src\main\AndroidManifest.xml:11:5-69
	android:name
		ADDED from src\main\AndroidManifest.xml:11:22-66
uses-permission#android.permission.READ_SMS
ADDED from src\main\AndroidManifest.xml:12:5-67
	android:name
		ADDED from src\main\AndroidManifest.xml:12:22-64
uses-permission#android.permission.CAMERA
ADDED from src\main\AndroidManifest.xml:14:5-65
MERGED from [com.yanzhenjie:album:2.0.0-alpha] AndroidManifest.xml:24:5-65
MERGED from [com.yanzhenjie:album:2.0.0-alpha] AndroidManifest.xml:24:5-65
MERGED from [com.jph.takephoto:takephoto_library:4.0.3] AndroidManifest.xml:12:5-65
MERGED from [com.jph.takephoto:takephoto_library:4.0.3] AndroidManifest.xml:12:5-65
	android:name
		ADDED from src\main\AndroidManifest.xml:14:22-62
uses-permission#android.permission.FLASHLIGHT
ADDED from src\main\AndroidManifest.xml:16:5-69
	android:name
		ADDED from src\main\AndroidManifest.xml:16:22-66
uses-permission#android.permission.SYSTEM_ALERT_WINDOW
ADDED from src\main\AndroidManifest.xml:17:5-78
	android:name
		ADDED from src\main\AndroidManifest.xml:17:22-75
uses-permission#android.permission.CHANGE_WIFI_STATE
ADDED from src\main\AndroidManifest.xml:18:5-76
	android:name
		ADDED from src\main\AndroidManifest.xml:18:22-73
uses-permission#android.permission.ACCESS_LOCATION_EXTRA_COMMANDS
ADDED from src\main\AndroidManifest.xml:19:5-89
	android:name
		ADDED from src\main\AndroidManifest.xml:19:22-86
uses-permission#android.permission.CHANGE_NETWORK_STATE
ADDED from src\main\AndroidManifest.xml:20:5-79
	android:name
		ADDED from src\main\AndroidManifest.xml:20:22-76
uses-permission#com.android.launcher.permission.READ_SETTINGS
ADDED from src\main\AndroidManifest.xml:21:5-85
	android:name
		ADDED from src\main\AndroidManifest.xml:21:22-82
uses-permission#android.permission.ACCESS_COARSE_LOCATION
ADDED from src\main\AndroidManifest.xml:23:5-81
	android:name
		ADDED from src\main\AndroidManifest.xml:23:22-78
uses-permission#android.permission.ACCESS_FINE_LOCATION
ADDED from src\main\AndroidManifest.xml:25:5-79
	android:name
		ADDED from src\main\AndroidManifest.xml:25:22-76
uses-permission#android.permission.ACCESS_WIFI_STATE
ADDED from src\main\AndroidManifest.xml:27:5-76
	android:name
		ADDED from src\main\AndroidManifest.xml:27:22-73
uses-permission#android.permission.ACCESS_NETWORK_STATE
ADDED from src\main\AndroidManifest.xml:29:5-79
	android:name
		ADDED from src\main\AndroidManifest.xml:29:22-76
uses-permission#android.permission.READ_PHONE_STATE
ADDED from src\main\AndroidManifest.xml:31:5-75
	android:name
		ADDED from src\main\AndroidManifest.xml:31:22-72
uses-permission#android.permission.WRITE_EXTERNAL_STORAGE
ADDED from src\main\AndroidManifest.xml:33:5-81
MERGED from [com.yanzhenjie:album:2.0.0-alpha] AndroidManifest.xml:26:5-81
MERGED from [com.yanzhenjie:album:2.0.0-alpha] AndroidManifest.xml:26:5-81
MERGED from [com.lzy.widget:ninegridview:0.2.1] AndroidManifest.xml:12:5-81
MERGED from [com.lzy.widget:ninegridview:0.2.1] AndroidManifest.xml:12:5-81
MERGED from [com.jph.takephoto:takephoto_library:4.0.3] AndroidManifest.xml:11:5-81
MERGED from [com.jph.takephoto:takephoto_library:4.0.3] AndroidManifest.xml:11:5-81
MERGED from [com.lzy.net:okgo:3.0.4] AndroidManifest.xml:28:5-81
MERGED from [com.lzy.net:okgo:3.0.4] AndroidManifest.xml:28:5-81
	android:name
		ADDED from src\main\AndroidManifest.xml:33:22-78
application
ADDED from src\main\AndroidManifest.xml:35:5-218:19
MERGED from [com.yanzhenjie:album:2.0.0-alpha] AndroidManifest.xml:29:5-61:19
MERGED from [com.yanzhenjie:album:2.0.0-alpha] AndroidManifest.xml:29:5-61:19
MERGED from [com.android.support:design:25.3.1] AndroidManifest.xml:29:5-20
MERGED from [com.android.support:design:25.3.1] AndroidManifest.xml:29:5-20
MERGED from [com.lzy.widget:ninegridview:0.2.1] AndroidManifest.xml:15:5-19:19
MERGED from [com.lzy.widget:ninegridview:0.2.1] AndroidManifest.xml:15:5-19:19
MERGED from [cn.yipianfengye.android:zxing-library:2.2] AndroidManifest.xml:11:5-18:19
MERGED from [cn.yipianfengye.android:zxing-library:2.2] AndroidManifest.xml:11:5-18:19
MERGED from [com.lovedise:permissiongen:0.0.6] AndroidManifest.xml:11:5-15:19
MERGED from [com.lovedise:permissiongen:0.0.6] AndroidManifest.xml:11:5-15:19
MERGED from [com.github.nanchen2251:CompressHelper:1.0.5] AndroidManifest.xml:11:5-15:19
MERGED from [com.github.nanchen2251:CompressHelper:1.0.5] AndroidManifest.xml:11:5-15:19
MERGED from [com.jph.takephoto:takephoto_library:4.0.3] AndroidManifest.xml:14:5-26:19
MERGED from [com.jph.takephoto:takephoto_library:4.0.3] AndroidManifest.xml:14:5-26:19
MERGED from [com.darsh.multipleimageselect:multipleimageselect:1.0.4] AndroidManifest.xml:13:5-34:19
MERGED from [com.darsh.multipleimageselect:multipleimageselect:1.0.4] AndroidManifest.xml:13:5-34:19
MERGED from [com.android.support:appcompat-v7:25.3.1] AndroidManifest.xml:29:5-20
MERGED from [com.android.support:appcompat-v7:25.3.1] AndroidManifest.xml:29:5-20
MERGED from [com.lcodecorex:tkrefreshlayout:1.0.7] AndroidManifest.xml:11:5-15:19
MERGED from [com.lcodecorex:tkrefreshlayout:1.0.7] AndroidManifest.xml:11:5-15:19
MERGED from [com.android.support:cardview-v7:25.3.1] AndroidManifest.xml:26:5-20
MERGED from [com.android.support:cardview-v7:25.3.1] AndroidManifest.xml:26:5-20
MERGED from [com.android.support.constraint:constraint-layout:1.0.2] AndroidManifest.xml:9:5-20
MERGED from [com.android.support.constraint:constraint-layout:1.0.2] AndroidManifest.xml:9:5-20
MERGED from [com.android.support:transition:25.3.1] AndroidManifest.xml:26:5-20
MERGED from [com.android.support:transition:25.3.1] AndroidManifest.xml:26:5-20
MERGED from [com.android.support:animated-vector-drawable:25.3.1] AndroidManifest.xml:26:5-20
MERGED from [com.android.support:animated-vector-drawable:25.3.1] AndroidManifest.xml:26:5-20
MERGED from [com.android.support:support-vector-drawable:25.3.1] AndroidManifest.xml:26:5-20
MERGED from [com.android.support:support-vector-drawable:25.3.1] AndroidManifest.xml:26:5-20
MERGED from [com.android.support:support-v4:25.3.1] AndroidManifest.xml:29:5-20
MERGED from [com.android.support:support-v4:25.3.1] AndroidManifest.xml:29:5-20
MERGED from [com.android.support:support-fragment:25.3.1] AndroidManifest.xml:29:5-20
MERGED from [com.android.support:support-fragment:25.3.1] AndroidManifest.xml:29:5-20
MERGED from [com.android.support:support-media-compat:25.3.1] AndroidManifest.xml:29:5-20
MERGED from [com.android.support:support-media-compat:25.3.1] AndroidManifest.xml:29:5-20
MERGED from [com.android.support:support-core-utils:25.3.1] AndroidManifest.xml:29:5-20
MERGED from [com.android.support:support-core-utils:25.3.1] AndroidManifest.xml:29:5-20
MERGED from [com.android.support:support-core-ui:25.3.1] AndroidManifest.xml:29:5-20
MERGED from [com.android.support:support-core-ui:25.3.1] AndroidManifest.xml:29:5-20
MERGED from [com.android.support:support-compat:25.3.1] AndroidManifest.xml:29:5-20
MERGED from [com.android.support:support-compat:25.3.1] AndroidManifest.xml:29:5-20
	android:supportsRtl
		ADDED from src\main\AndroidManifest.xml:41:9-35
	android:label
		ADDED from src\main\AndroidManifest.xml:39:9-41
	android:roundIcon
		ADDED from src\main\AndroidManifest.xml:40:9-49
	android:icon
		ADDED from src\main\AndroidManifest.xml:38:9-44
	android:allowBackup
		ADDED from src\main\AndroidManifest.xml:37:9-35
	android:theme
		ADDED from src\main\AndroidManifest.xml:42:9-40
	android:name
		ADDED from src\main\AndroidManifest.xml:36:9-30
activity#com.hmkj.taozhifu.activity.MainActivity
ADDED from src\main\AndroidManifest.xml:43:9-59
	android:name
		ADDED from src\main\AndroidManifest.xml:43:19-56
activity#com.hmkj.taozhifu.permission.PermissionsActivity
ADDED from src\main\AndroidManifest.xml:44:9-68
	android:name
		ADDED from src\main\AndroidManifest.xml:44:19-65
receiver#com.hmkj.taozhifu.receiver.NetBroadCastReceiver
ADDED from src\main\AndroidManifest.xml:46:9-52:20
	android:name
		ADDED from src\main\AndroidManifest.xml:46:19-64
intent-filter#android.Net.wifi.WIFI_STATE_CHANGED+android.net.conn.CONNECTIVITY_CHANGE+android.net.wifi.STATE_CHANGE
ADDED from src\main\AndroidManifest.xml:47:13-51:29
action#android.net.conn.CONNECTIVITY_CHANGE
ADDED from src\main\AndroidManifest.xml:48:17-79
	android:name
		ADDED from src\main\AndroidManifest.xml:48:25-76
action#android.Net.wifi.WIFI_STATE_CHANGED
ADDED from src\main\AndroidManifest.xml:49:17-78
	android:name
		ADDED from src\main\AndroidManifest.xml:49:25-75
action#android.net.wifi.STATE_CHANGE
ADDED from src\main\AndroidManifest.xml:50:17-72
	android:name
		ADDED from src\main\AndroidManifest.xml:50:25-69
activity#com.hmkj.taozhifu.activity.MyOrderActivity
ADDED from src\main\AndroidManifest.xml:54:9-62
	android:name
		ADDED from src\main\AndroidManifest.xml:54:19-59
activity#com.hmkj.taozhifu.activity.WebActivity
ADDED from src\main\AndroidManifest.xml:55:9-58
	android:name
		ADDED from src\main\AndroidManifest.xml:55:19-55
activity#com.hmkj.taozhifu.activity.LoginActivity
ADDED from src\main\AndroidManifest.xml:56:9-58:46
	android:launchMode
		ADDED from src\main\AndroidManifest.xml:58:13-43
	android:name
		ADDED from src\main\AndroidManifest.xml:57:13-51
activity#com.hmkj.taozhifu.activity.RegistActivity
ADDED from src\main\AndroidManifest.xml:59:9-61
	android:name
		ADDED from src\main\AndroidManifest.xml:59:19-58
activity#com.hmkj.taozhifu.activity.SettiingPwdActivity
ADDED from src\main\AndroidManifest.xml:60:9-66
	android:name
		ADDED from src\main\AndroidManifest.xml:60:19-63
activity#com.hmkj.taozhifu.activity.ShopListActivity
ADDED from src\main\AndroidManifest.xml:61:9-63
	android:name
		ADDED from src\main\AndroidManifest.xml:61:19-60
activity#com.hmkj.taozhifu.activity.CommodityDetailedInformationActivity
ADDED from src\main\AndroidManifest.xml:62:9-83
	android:name
		ADDED from src\main\AndroidManifest.xml:62:19-80
activity#com.hmkj.taozhifu.activity.MyWalletActivity
ADDED from src\main\AndroidManifest.xml:63:9-63
	android:name
		ADDED from src\main\AndroidManifest.xml:63:19-60
activity#com.hmkj.taozhifu.activity.SearchShoppingActivity
ADDED from src\main\AndroidManifest.xml:64:9-69
	android:name
		ADDED from src\main\AndroidManifest.xml:64:19-66
activity#com.hmkj.taozhifu.activity.MyStorePublishProductActivity
ADDED from src\main\AndroidManifest.xml:65:9-67:73
	android:windowSoftInputMode
		ADDED from src\main\AndroidManifest.xml:67:13-70
	android:name
		ADDED from src\main\AndroidManifest.xml:66:13-67
activity#com.hmkj.taozhifu.activity.WithdrawDepositActivity
ADDED from src\main\AndroidManifest.xml:68:9-70
	android:name
		ADDED from src\main\AndroidManifest.xml:68:19-67
activity#com.hmkj.taozhifu.activity.TDTicketActivity
ADDED from src\main\AndroidManifest.xml:69:9-63
	android:name
		ADDED from src\main\AndroidManifest.xml:69:19-60
service#com.baidu.location.f
ADDED from src\main\AndroidManifest.xml:72:9-75:41
	android:process
		ADDED from src\main\AndroidManifest.xml:75:13-38
	android:enabled
		ADDED from src\main\AndroidManifest.xml:74:13-35
	android:name
		ADDED from src\main\AndroidManifest.xml:73:13-48
meta-data#com.baidu.lbsapi.API_KEY
ADDED from src\main\AndroidManifest.xml:77:9-79:64
	android:value
		ADDED from src\main\AndroidManifest.xml:79:13-61
	android:name
		ADDED from src\main\AndroidManifest.xml:78:13-52
meta-data#android.max_aspect
ADDED from src\main\AndroidManifest.xml:81:9-83:35
	android:value
		ADDED from src\main\AndroidManifest.xml:83:13-32
	android:name
		ADDED from src\main\AndroidManifest.xml:82:13-46
activity#com.hmkj.taozhifu.activity.ShopDetailedInformationActivity
ADDED from src\main\AndroidManifest.xml:85:9-78
	android:name
		ADDED from src\main\AndroidManifest.xml:85:19-75
activity#com.hmkj.taozhifu.activity.UserCommentsActivity
ADDED from src\main\AndroidManifest.xml:86:9-67
	android:name
		ADDED from src\main\AndroidManifest.xml:86:19-64
activity#com.hmkj.taozhifu.activity.CollectionActivity
ADDED from src\main\AndroidManifest.xml:87:9-65
	android:name
		ADDED from src\main\AndroidManifest.xml:87:19-62
activity#com.hmkj.taozhifu.activity.ProductClassifyActivity
ADDED from src\main\AndroidManifest.xml:88:9-70
	android:name
		ADDED from src\main\AndroidManifest.xml:88:19-67
activity#com.hmkj.taozhifu.activity.MyStoreSetupActivity
ADDED from src\main\AndroidManifest.xml:89:9-67
	android:name
		ADDED from src\main\AndroidManifest.xml:89:19-64
activity#com.hmkj.taozhifu.activity.MyStoreActivity
ADDED from src\main\AndroidManifest.xml:90:9-62
	android:name
		ADDED from src\main\AndroidManifest.xml:90:19-59
activity#com.hmkj.taozhifu.activity.MyStoreProductActivity
ADDED from src\main\AndroidManifest.xml:91:9-69
	android:name
		ADDED from src\main\AndroidManifest.xml:91:19-66
activity#com.hmkj.taozhifu.activity.MyStoreLogoffActivity
ADDED from src\main\AndroidManifest.xml:92:9-68
	android:name
		ADDED from src\main\AndroidManifest.xml:92:19-65
activity#com.hmkj.taozhifu.activity.ShareZXcodeActivity
ADDED from src\main\AndroidManifest.xml:93:9-66
	android:name
		ADDED from src\main\AndroidManifest.xml:93:19-63
activity#com.hmkj.taozhifu.activity.PersonInfoActivity
ADDED from src\main\AndroidManifest.xml:94:9-97:52
	android:screenOrientation
		ADDED from src\main\AndroidManifest.xml:97:13-49
	android:configChanges
		ADDED from src\main\AndroidManifest.xml:96:13-74
	android:name
		ADDED from src\main\AndroidManifest.xml:95:13-56
activity#com.hmkj.taozhifu.activity.NoticeDetailsActivity
ADDED from src\main\AndroidManifest.xml:98:9-68
	android:name
		ADDED from src\main\AndroidManifest.xml:98:19-65
activity#com.hmkj.taozhifu.activity.NoticeListActivity
ADDED from src\main\AndroidManifest.xml:99:9-65
	android:name
		ADDED from src\main\AndroidManifest.xml:99:19-62
activity#com.hmkj.taozhifu.activity.MyStoreApplyActivity
ADDED from src\main\AndroidManifest.xml:100:9-67
	android:name
		ADDED from src\main\AndroidManifest.xml:100:19-64
activity#com.hmkj.taozhifu.activity.MyStoreUploadLicenseActivity
ADDED from src\main\AndroidManifest.xml:101:9-75
	android:name
		ADDED from src\main\AndroidManifest.xml:101:19-72
activity#com.hmkj.taozhifu.activity.PayPwdActivity
ADDED from src\main\AndroidManifest.xml:102:9-61
	android:name
		ADDED from src\main\AndroidManifest.xml:102:19-58
activity#com.hmkj.taozhifu.activity.LoginPwdActivity
ADDED from src\main\AndroidManifest.xml:103:9-63
	android:name
		ADDED from src\main\AndroidManifest.xml:103:19-60
activity#com.hmkj.taozhifu.activity.AutonymActivity
ADDED from src\main\AndroidManifest.xml:104:9-62
	android:name
		ADDED from src\main\AndroidManifest.xml:104:19-59
activity#com.hmkj.taozhifu.activity.SubmitOrderActivity
ADDED from src\main\AndroidManifest.xml:105:9-107:55
	android:windowSoftInputMode
		ADDED from src\main\AndroidManifest.xml:107:13-52
	android:name
		ADDED from src\main\AndroidManifest.xml:106:13-57
activity#com.hmkj.taozhifu.activity.SettingActivity
ADDED from src\main\AndroidManifest.xml:108:9-62
	android:name
		ADDED from src\main\AndroidManifest.xml:108:19-59
activity#com.hmkj.taozhifu.activity.MessageActivity
ADDED from src\main\AndroidManifest.xml:109:9-62
	android:name
		ADDED from src\main\AndroidManifest.xml:109:19-59
activity#com.hmkj.taozhifu.activity.PaySuccessActivity
ADDED from src\main\AndroidManifest.xml:110:9-65
	android:name
		ADDED from src\main\AndroidManifest.xml:110:19-62
activity#com.hmkj.taozhifu.activity.PayActivity
ADDED from src\main\AndroidManifest.xml:111:9-58
	android:name
		ADDED from src\main\AndroidManifest.xml:111:19-55
activity#com.hmkj.taozhifu.activity.TestExamineAndVerifyActivity
ADDED from src\main\AndroidManifest.xml:112:9-75
	android:name
		ADDED from src\main\AndroidManifest.xml:112:19-72
activity#com.hmkj.taozhifu.activity.SetPwdForgetActivity
ADDED from src\main\AndroidManifest.xml:113:9-67
	android:name
		ADDED from src\main\AndroidManifest.xml:113:19-64
activity#com.hmkj.taozhifu.activity.ForgetPwdActivity
ADDED from src\main\AndroidManifest.xml:114:9-64
	android:name
		ADDED from src\main\AndroidManifest.xml:114:19-61
activity#com.hmkj.taozhifu.activity.MyStoreDiscountActivity
ADDED from src\main\AndroidManifest.xml:115:9-70
	android:name
		ADDED from src\main\AndroidManifest.xml:115:19-67
activity#com.hmkj.taozhifu.activity.MyStoreExchangeOrderActivity
ADDED from src\main\AndroidManifest.xml:116:9-75
	android:name
		ADDED from src\main\AndroidManifest.xml:116:19-72
activity#com.hmkj.taozhifu.activity.PhotoActivity
ADDED from src\main\AndroidManifest.xml:117:9-60
	android:name
		ADDED from src\main\AndroidManifest.xml:117:19-57
activity#com.hmkj.taozhifu.wxapi.WXPayEntryActivity
ADDED from src\main\AndroidManifest.xml:119:9-122:46
	android:launchMode
		ADDED from src\main\AndroidManifest.xml:122:13-43
	android:exported
		ADDED from src\main\AndroidManifest.xml:121:13-36
	android:name
		ADDED from src\main\AndroidManifest.xml:120:13-53
activity#com.hmkj.taozhifu.activity.MyStoreAccountPaidActivity
ADDED from src\main\AndroidManifest.xml:123:9-73
	android:name
		ADDED from src\main\AndroidManifest.xml:123:19-70
activity#com.alipay.sdk.app.H5PayActivity
ADDED from src\main\AndroidManifest.xml:124:9-129:70
	android:screenOrientation
		ADDED from src\main\AndroidManifest.xml:128:13-47
	android:windowSoftInputMode
		ADDED from src\main\AndroidManifest.xml:129:13-67
	android:exported
		ADDED from src\main\AndroidManifest.xml:127:13-37
	android:configChanges
		ADDED from src\main\AndroidManifest.xml:126:13-85
	android:name
		ADDED from src\main\AndroidManifest.xml:125:13-60
activity#com.alipay.sdk.app.H5AuthActivity
ADDED from src\main\AndroidManifest.xml:130:9-135:70
	android:screenOrientation
		ADDED from src\main\AndroidManifest.xml:134:13-47
	android:windowSoftInputMode
		ADDED from src\main\AndroidManifest.xml:135:13-67
	android:exported
		ADDED from src\main\AndroidManifest.xml:133:13-37
	android:configChanges
		ADDED from src\main\AndroidManifest.xml:132:13-74
	android:name
		ADDED from src\main\AndroidManifest.xml:131:13-61
activity#com.hmkj.taozhifu.activity.CaptureActivity
ADDED from src\main\AndroidManifest.xml:136:9-62
	android:name
		ADDED from src\main\AndroidManifest.xml:136:19-59
activity#com.hmkj.taozhifu.activity.MyOrderDetailActivity
ADDED from src\main\AndroidManifest.xml:137:9-68
	android:name
		ADDED from src\main\AndroidManifest.xml:137:19-65
meta-data#UMENG_CHANNEL
ADDED from src\main\AndroidManifest.xml:142:9-144:38
	android:value
		ADDED from src\main\AndroidManifest.xml:144:13-35
	android:name
		ADDED from src\main\AndroidManifest.xml:143:13-41
activity#com.hmkj.taozhifu.wxapi.WXEntryActivity
ADDED from src\main\AndroidManifest.xml:149:9-155:75
	android:screenOrientation
		ADDED from src\main\AndroidManifest.xml:154:13-49
	android:launchMode
		ADDED from src\main\AndroidManifest.xml:153:13-44
	android:exported
		ADDED from src\main\AndroidManifest.xml:152:13-36
	android:configChanges
		ADDED from src\main\AndroidManifest.xml:151:13-74
	android:theme
		ADDED from src\main\AndroidManifest.xml:155:13-72
	android:name
		ADDED from src\main\AndroidManifest.xml:150:13-50
activity#com.umeng.qq.tencent.AuthActivity
ADDED from src\main\AndroidManifest.xml:157:9-169:20
	android:launchMode
		ADDED from src\main\AndroidManifest.xml:159:13-44
	android:noHistory
		ADDED from src\main\AndroidManifest.xml:160:13-37
	android:name
		ADDED from src\main\AndroidManifest.xml:158:13-61
intent-filter#android.intent.action.VIEW+android.intent.category.BROWSABLE+android.intent.category.DEFAULT
ADDED from src\main\AndroidManifest.xml:161:13-168:29
action#android.intent.action.VIEW
ADDED from src\main\AndroidManifest.xml:162:17-69
	android:name
		ADDED from src\main\AndroidManifest.xml:162:25-66
category#android.intent.category.DEFAULT
ADDED from src\main\AndroidManifest.xml:164:17-76
	android:name
		ADDED from src\main\AndroidManifest.xml:164:27-73
category#android.intent.category.BROWSABLE
ADDED from src\main\AndroidManifest.xml:165:17-78
	android:name
		ADDED from src\main\AndroidManifest.xml:165:27-75
data
ADDED from src\main\AndroidManifest.xml:167:17-60
	android:scheme
		ADDED from src\main\AndroidManifest.xml:167:23-57
activity#com.hmkj.taozhifu.activity.WBShareActivity
ADDED from src\main\AndroidManifest.xml:171:9-180:20
	android:screenOrientation
		ADDED from src\main\AndroidManifest.xml:174:13-49
	android:configChanges
		ADDED from src\main\AndroidManifest.xml:173:13-63
	android:name
		ADDED from src\main\AndroidManifest.xml:172:13-53
intent-filter#android.intent.category.DEFAULT+com.sina.weibo.sdk.action.ACTION_SDK_REQ_ACTIVITY
ADDED from src\main\AndroidManifest.xml:175:13-179:29
action#com.sina.weibo.sdk.action.ACTION_SDK_REQ_ACTIVITY
ADDED from src\main\AndroidManifest.xml:176:17-92
	android:name
		ADDED from src\main\AndroidManifest.xml:176:25-89
activity#com.umeng.socialize.media.WBShareCallBackActivity
ADDED from src\main\AndroidManifest.xml:181:9-186:75
	android:screenOrientation
		ADDED from src\main\AndroidManifest.xml:185:13-49
	android:exported
		ADDED from src\main\AndroidManifest.xml:184:13-37
	android:configChanges
		ADDED from src\main\AndroidManifest.xml:183:13-63
	android:theme
		ADDED from src\main\AndroidManifest.xml:186:13-72
	android:name
		ADDED from src\main\AndroidManifest.xml:182:13-77
activity#com.sina.weibo.sdk.share.WbShareTransActivity
ADDED from src\main\AndroidManifest.xml:187:9-196:20
	android:launchMode
		ADDED from src\main\AndroidManifest.xml:189:13-44
	android:theme
		ADDED from src\main\AndroidManifest.xml:190:13-83
	android:name
		ADDED from src\main\AndroidManifest.xml:188:13-73
activity#com.umeng.qq.tencent.AssistActivity
ADDED from src\main\AndroidManifest.xml:197:9-201:75
	android:screenOrientation
		ADDED from src\main\AndroidManifest.xml:200:13-49
	android:configChanges
		ADDED from src\main\AndroidManifest.xml:199:13-74
	android:theme
		ADDED from src\main\AndroidManifest.xml:201:13-72
	android:name
		ADDED from src\main\AndroidManifest.xml:198:13-63
activity#com.hmkj.taozhifu.activity.AboutOurActivity
ADDED from src\main\AndroidManifest.xml:203:9-63
	android:name
		ADDED from src\main\AndroidManifest.xml:203:19-60
activity#com.hmkj.taozhifu.utils.webviewUtils.WebviewVideoActivity
ADDED from src\main\AndroidManifest.xml:205:9-207:77
	android:configChanges
		ADDED from src\main\AndroidManifest.xml:207:13-74
	android:name
		ADDED from src\main\AndroidManifest.xml:206:13-68
activity#com.hmkj.taozhifu.activity.LaunchActivity
ADDED from src\main\AndroidManifest.xml:208:9-216:20
	android:theme
		ADDED from src\main\AndroidManifest.xml:210:13-65
	android:name
		ADDED from src\main\AndroidManifest.xml:209:13-52
intent-filter#android.intent.action.MAIN+android.intent.category.LAUNCHER
ADDED from src\main\AndroidManifest.xml:211:13-215:29
action#android.intent.action.MAIN
ADDED from src\main\AndroidManifest.xml:212:17-69
	android:name
		ADDED from src\main\AndroidManifest.xml:212:25-66
category#android.intent.category.LAUNCHER
ADDED from src\main\AndroidManifest.xml:214:17-77
	android:name
		ADDED from src\main\AndroidManifest.xml:214:27-74
activity#com.hmkj.taozhifu.activity.WithdrawDepositRecordActivity
ADDED from src\main\AndroidManifest.xml:217:9-76
	android:name
		ADDED from src\main\AndroidManifest.xml:217:19-73
uses-sdk
INJECTED from src\main\AndroidManifest.xml reason: use-sdk injection requested
INJECTED from src\main\AndroidManifest.xml
INJECTED from src\main\AndroidManifest.xml
MERGED from [com.yanzhenjie:album:2.0.0-alpha] AndroidManifest.xml:20:5-22:41
MERGED from [com.yanzhenjie:album:2.0.0-alpha] AndroidManifest.xml:20:5-22:41
MERGED from [com.android.support:design:25.3.1] AndroidManifest.xml:21:5-23:62
MERGED from [com.android.support:design:25.3.1] AndroidManifest.xml:21:5-23:62